Mar 09, 2020 11:48:04 AM rdp.Server <init>
INFO: Found Config File
Mar 09, 2020 11:48:04 AM rdp.Server <init>
INFO: TLS Certificate Found
Mar 09, 2020 11:48:04 AM rdp.Server <init>
INFO: rdp.CertificateHandler@4f3f5b24
Mar 09, 2020 11:48:05 AM rdp.ServerMain main
INFO: 
Select an action:
	1) Start Server
	2) Change IP and Port
	3) Restart Server
	4) Stop Server
	5) Recreate Database
	6) Print Active Clients
	7) Exit

Mar 09, 2020 11:48:06 AM rdp.ServerMain main
INFO: Starting Server...
Mar 09, 2020 11:48:06 AM rdp.ServerMain main
INFO: Server started on IP: 127.0.0.1, Port: 1234
Mar 09, 2020 11:48:06 AM rdp.ServerMain main
INFO: 
Select an action:
	1) Start Server
	2) Change IP and Port
	3) Restart Server
	4) Stop Server
	5) Recreate Database
	6) Print Active Clients
	7) Exit

Mar 09, 2020 11:48:13 AM rdp.LoginServer performCertificateExchange
INFO: Incoming connection: /127.0.0.1
Mar 09, 2020 11:48:13 AM rdp.LoginServer run
INFO: Certificate Exchange Successful
Mar 09, 2020 11:48:13 AM rdp.LoginServer lambda$run$0
INFO: 
*********** SECURE CONNECTION ESTABLISHED ***********
Client IP: /127.0.0.1
Security Protocol: TLSv1.2
Cipher Suite: TLS_ECDHE_RSA_WITH_AES_256_CBC_SHA384
************ END SECURE CONNECTION STATS ************

Mar 09, 2020 12:06:49 PM rdp.LoginServer run
SEVERE: Socket exception in LoginServer
Mar 09, 2020 12:06:49 PM rdp.LoginServer run
SEVERE: Socket exception in LoginServer
Mar 09, 2020 12:27:13 PM rdp.ServerMain main
WARNING: Please choose a valid option
Mar 09, 2020 12:27:13 PM rdp.ServerMain main
INFO: 
Select an action:
	1) Start Server
	2) Change IP and Port
	3) Restart Server
	4) Stop Server
	5) Recreate Database
	6) Print Active Clients
	7) Exit

